# JRE version: OpenJDK Runtime Environment (20.0.1+9) (build 20.0.1+9-29)
# Java VM: OpenJDK 64-Bit Server VM (20.0.1+9-29, mixed mode, sharing, tiered, compressed oops, compressed class ptrs, g1 gc, windows-amd64)
GC Precious Log:
 CardTable entry size: 512
 Card Set container configuration: InlinePtr #cards 5 size 8 Array Of Cards #cards 12 size 40 Howl #buckets 4 coarsen threshold 1843 Howl Bitmap #cards 512 size 80 coarsen threshold 460 Card regions per heap region 1 cards per card region 2048
 CPUs: 8 total, 8 available
 Memory: 8030M
 Large Page Support: Disabled
 NUMA Support: Disabled
 Compressed Oops: Enabled (32-bit)
 Heap Region Size: 1M
 Heap Min Capacity: 8M
 Heap Initial Capacity: 126M
 Heap Max Capacity: 2008M
 Pre-touch: Disabled
 Parallel Workers: 8
 Concurrent Workers: 2
 Concurrent Refinement Workers: 8
 Periodic GC: Disabled
Heap:
 garbage-first heap   total 71680K, used 49161K [0x0000000082800000, 0x0000000100000000)
  region size 1024K, 32 young (32768K), 6 survivors (6144K)
 Metaspace       used 57397K, committed 58048K, reserved 1114112K
  class space    used 7557K, committed 7872K, reserved 1048576K
GC Heap History (16 events):
Event: 3.091 GC heap before
{Heap before GC invocations=0 (full 0):
 garbage-first heap   total 129024K, used 23552K [0x0000000082800000, 0x0000000100000000)
  region size 1024K, 23 young (23552K), 0 survivors (0K)
 Metaspace       used 5499K, committed 5696K, reserved 1114112K
  class space    used 600K, committed 704K, reserved 1048576K
}
Event: 3.096 GC heap after
{Heap after GC invocations=1 (full 0):
 garbage-first heap   total 129024K, used 6850K [0x0000000082800000, 0x0000000100000000)
  region size 1024K, 3 young (3072K), 3 survivors (3072K)
 Metaspace       used 5499K, committed 5696K, reserved 1114112K
  class space    used 600K, committed 704K, reserved 1048576K
}
Event: 3.568 GC heap before
{Heap before GC invocations=1 (full 0):
 garbage-first heap   total 129024K, used 36546K [0x0000000082800000, 0x0000000100000000)
  region size 1024K, 33 young (33792K), 3 survivors (3072K)
 Metaspace       used 13950K, committed 14144K, reserved 1114112K
  class space    used 1634K, committed 1728K, reserved 1048576K
}
Event: 3.573 GC heap after
{Heap after GC invocations=2 (full 0):
 garbage-first heap   total 129024K, used 9962K [0x0000000082800000, 0x0000000100000000)
  region size 1024K, 3 young (3072K), 3 survivors (3072K)
 Metaspace       used 13950K, committed 14144K, reserved 1114112K
  class space    used 1634K, committed 1728K, reserved 1048576K
}
Event: 4.368 GC heap before
{Heap before GC invocations=2 (full 0):
 garbage-first heap   total 129024K, used 52970K [0x0000000082800000, 0x0000000100000000)
  region size 1024K, 46 young (47104K), 3 survivors (3072K)
 Metaspace       used 21099K, committed 21504K, reserved 1114112K
  class space    used 2545K, committed 2752K, reserved 1048576K
}
Event: 4.373 GC heap after
{Heap after GC invocations=3 (full 0):
 garbage-first heap   total 129024K, used 13068K [0x0000000082800000, 0x0000000100000000)
  region size 1024K, 6 young (6144K), 6 survivors (6144K)
 Metaspace       used 21099K, committed 21504K, reserved 1114112K
  class space    used 2545K, committed 2752K, reserved 1048576K
}
Event: 5.120 GC heap before
{Heap before GC invocations=4 (full 0):
 garbage-first heap   total 48128K, used 47884K [0x0000000082800000, 0x0000000100000000)
  region size 1024K, 40 young (40960K), 6 survivors (6144K)
 Metaspace       used 28391K, committed 28864K, reserved 1114112K
  class space    used 3463K, committed 3648K, reserved 1048576K
}
Event: 5.128 GC heap after
{Heap after GC invocations=5 (full 0):
 garbage-first heap   total 59392K, used 17798K [0x0000000082800000, 0x0000000100000000)
  region size 1024K, 8 young (8192K), 8 survivors (8192K)
 Metaspace       used 28391K, committed 28864K, reserved 1114112K
  class space    used 3463K, committed 3648K, reserved 1048576K
}
Event: 5.628 GC heap before
{Heap before GC invocations=5 (full 0):
 garbage-first heap   total 59392K, used 44422K [0x0000000082800000, 0x0000000100000000)
  region size 1024K, 34 young (34816K), 8 survivors (8192K)
 Metaspace       used 33421K, committed 33984K, reserved 1114112K
  class space    used 4095K, committed 4352K, reserved 1048576K
}
Event: 5.634 GC heap after
{Heap after GC invocations=6 (full 0):
 garbage-first heap   total 59392K, used 18820K [0x0000000082800000, 0x0000000100000000)
  region size 1024K, 2 young (2048K), 2 survivors (2048K)
 Metaspace       used 33421K, committed 33984K, reserved 1114112K
  class space    used 4095K, committed 4352K, reserved 1048576K
}
Event: 5.760 GC heap before
{Heap before GC invocations=6 (full 0):
 garbage-first heap   total 59392K, used 23940K [0x0000000082800000, 0x0000000100000000)
  region size 1024K, 9 young (9216K), 2 survivors (2048K)
 Metaspace       used 35486K, committed 35968K, reserved 1114112K
  class space    used 4409K, committed 4608K, reserved 1048576K
}
Event: 5.762 GC heap after
{Heap after GC invocations=7 (full 0):
 garbage-first heap   total 59392K, used 18895K [0x0000000082800000, 0x0000000100000000)
  region size 1024K, 2 young (2048K), 2 survivors (2048K)
 Metaspace       used 35486K, committed 35968K, reserved 1114112K
  class space    used 4409K, committed 4608K, reserved 1048576K
}
Event: 6.405 GC heap before
{Heap before GC invocations=8 (full 0):
 garbage-first heap   total 59392K, used 47567K [0x0000000082800000, 0x0000000100000000)
  region size 1024K, 31 young (31744K), 2 survivors (2048K)
 Metaspace       used 44465K, committed 44992K, reserved 1114112K
  class space    used 5586K, committed 5824K, reserved 1048576K
}
Event: 6.409 GC heap after
{Heap after GC invocations=9 (full 0):
 garbage-first heap   total 71680K, used 20981K [0x0000000082800000, 0x0000000100000000)
  region size 1024K, 4 young (4096K), 4 survivors (4096K)
 Metaspace       used 44465K, committed 44992K, reserved 1114112K
  class space    used 5586K, committed 5824K, reserved 1048576K
}
Event: 7.306 GC heap before
{Heap before GC invocations=9 (full 0):
 garbage-first heap   total 71680K, used 58869K [0x0000000082800000, 0x0000000100000000)
  region size 1024K, 42 young (43008K), 4 survivors (4096K)
 Metaspace       used 54764K, committed 55424K, reserved 1114112K
  class space    used 7256K, committed 7552K, reserved 1048576K
}
Event: 7.312 GC heap after
{Heap after GC invocations=10 (full 0):
 garbage-first heap   total 71680K, used 23561K [0x0000000082800000, 0x0000000100000000)
  region size 1024K, 6 young (6144K), 6 survivors (6144K)
 Metaspace       used 54764K, committed 55424K, reserved 1114112K
  class space    used 7256K, committed 7552K, reserved 1048576K
}

